The system is: Windows - 10.0.19045 - AMD64
Compiling the C compiler identification source file "CMakeCCompilerId.c" succeeded.
Compiler: C:/Program Files/Microsoft Visual Studio/2022/Community/VC/Tools/MSVC/14.35.32215/bin/Hostx64/x64/cl.exe 
Build flags: 
Id flags:  

The output was:
0
Microsoft (R) C/C++ 최적화 컴파일러 버전 19.35.32216.1(x64)
Copyright (c) Microsoft Corporation. All rights reserved.

CMakeCCompilerId.c
Microsoft (R) Incremental Linker Version 14.35.32216.1
Copyright (C) Microsoft Corporation.  All rights reserved.

/out:CMakeCCompilerId.exe 
CMakeCCompilerId.obj 


Compilation of the C compiler identification source "CMakeCCompilerId.c" produced "CMakeCCompilerId.exe"

Compilation of the C compiler identification source "CMakeCCompilerId.c" produced "CMakeCCompilerId.obj"

The C compiler identification is MSVC, found in "C:/Users/Admin/Documents/GitHub/Opengl_test-SNU/assignments/hw2 skeleton/out/build/x64-Debug/CMakeFiles/3.25.1-msvc1/CompilerIdC/CMakeCCompilerId.exe"

Compiling the CXX compiler identification source file "CMakeCXXCompilerId.cpp" succeeded.
Compiler: C:/Program Files/Microsoft Visual Studio/2022/Community/VC/Tools/MSVC/14.35.32215/bin/Hostx64/x64/cl.exe 
Build flags: 
Id flags:  

The output was:
0
Microsoft (R) C/C++ 최적화 컴파일러 버전 19.35.32216.1(x64)
Copyright (c) Microsoft Corporation. All rights reserved.

CMakeCXXCompilerId.cpp
Microsoft (R) Incremental Linker Version 14.35.32216.1
Copyright (C) Microsoft Corporation.  All rights reserved.

/out:CMakeCXXCompilerId.exe 
CMakeCXXCompilerId.obj 


Compilation of the CXX compiler identification source "CMakeCXXCompilerId.cpp" produced "CMakeCXXCompilerId.exe"

Compilation of the CXX compiler identification source "CMakeCXXCompilerId.cpp" produced "CMakeCXXCompilerId.obj"

The CXX compiler identification is MSVC, found in "C:/Users/Admin/Documents/GitHub/Opengl_test-SNU/assignments/hw2 skeleton/out/build/x64-Debug/CMakeFiles/3.25.1-msvc1/CompilerIdCXX/CMakeCXXCompilerId.exe"

Detecting C compiler ABI info compiled with the following output:
Change Dir: C:/Users/Admin/Documents/GitHub/Opengl_test-SNU/assignments/hw2 skeleton/out/build/x64-Debug/CMakeFiles/CMakeScratch/TryCompile-z28yeg

Run Build Command(s):C:/Program Files/Microsoft Visual Studio/2022/Community/Common7/IDE/CommonExtensions/Microsoft/CMake/Ninja/ninja.exe cmTC_3d906 && [1/2] Building C object CMakeFiles\cmTC_3d906.dir\CMakeCCompilerABI.c.obj
[2/2] Linking C executable cmTC_3d906.exe



Detecting CXX compiler ABI info compiled with the following output:
Change Dir: C:/Users/Admin/Documents/GitHub/Opengl_test-SNU/assignments/hw2 skeleton/out/build/x64-Debug/CMakeFiles/CMakeScratch/TryCompile-1z9a0s

Run Build Command(s):C:/Program Files/Microsoft Visual Studio/2022/Community/Common7/IDE/CommonExtensions/Microsoft/CMake/Ninja/ninja.exe cmTC_6d983 && [1/2] Building CXX object CMakeFiles\cmTC_6d983.dir\CMakeCXXCompilerABI.cpp.obj
[2/2] Linking CXX executable cmTC_6d983.exe



